Unity Editor version:    2021.3.15f1 (e8e88683f834)
Branch:                  2021.3/staging
Build type:              Release
Batch mode:              YES
macOS version:           Version 13.4.1 (c) (Build 22F770820d)
Darwin version:          22.5.0
Architecture:            arm64
Running under Rosetta:   NO
Available memory:        8192 MB
Using pre-set license
Pro License: YES

COMMAND LINE ARGUMENTS:
/Applications/Unity/Hub/Editor/2021.3.15f1/Unity.app/Contents/MacOS/Unity
-adb2
-batchMode
-noUpm
-name
AssetImportWorker0
-projectPath
/Users/chirag/Unity3d Projects/physics_based_ai/Physic Based AI
-logFile
Logs/AssetImportWorker0.log
-srvPort
51378
Successfully changed project path to: /Users/chirag/Unity3d Projects/physics_based_ai/Physic Based AI
/Users/chirag/Unity3d Projects/physics_based_ai/Physic Based AI
[UnityMemory] Configuration Parameters - Can be set up in boot.config
    "memorysetup-bucket-allocator-granularity=16"
    "memorysetup-bucket-allocator-bucket-count=8"
    "memorysetup-bucket-allocator-block-size=33554432"
    "memorysetup-bucket-allocator-block-count=8"
    "memorysetup-main-allocator-block-size=16777216"
    "memorysetup-thread-allocator-block-size=16777216"
    "memorysetup-gfx-main-allocator-block-size=16777216"
    "memorysetup-gfx-thread-allocator-block-size=16777216"
    "memorysetup-cache-allocator-block-size=4194304"
    "memorysetup-typetree-allocator-block-size=2097152"
    "memorysetup-profiler-bucket-allocator-granularity=16"
    "memorysetup-profiler-bucket-allocator-bucket-count=8"
    "memorysetup-profiler-bucket-allocator-block-size=33554432"
    "memorysetup-profiler-bucket-allocator-block-count=8"
    "memorysetup-profiler-allocator-block-size=16777216"
    "memorysetup-profiler-editor-allocator-block-size=1048576"
    "memorysetup-temp-allocator-size-main=16777216"
    "memorysetup-job-temp-allocator-block-size=2097152"
    "memorysetup-job-temp-allocator-block-size-background=1048576"
    "memorysetup-job-temp-allocator-reduction-small-platforms=262144"
    "memorysetup-temp-allocator-size-background-worker=32768"
    "memorysetup-temp-allocator-size-job-worker=262144"
    "memorysetup-temp-allocator-size-preload-manager=33554432"
    "memorysetup-temp-allocator-size-nav-mesh-worker=65536"
    "memorysetup-temp-allocator-size-audio-worker=65536"
    "memorysetup-temp-allocator-size-cloud-worker=32768"
    "memorysetup-temp-allocator-size-gi-baking-worker=262144"
    "memorysetup-temp-allocator-size-gfx=262144"
Player connection [8388075008] Host "[IP] 10.255.151.181 [Port] 0 [Flags] 2 [Guid] 1862374301 [EditorId] 1862374301 [Version] 1048832 [Id] OSXEditor(0,Chirags-MacBook-Air.local) [Debug] 1 [PackageName] OSXEditor [ProjectName] Editor" joined multi-casting on [225.0.0.222:54997]...

Player connection [8388075008] Host "[IP] 10.255.151.181 [Port] 0 [Flags] 2 [Guid] 1862374301 [EditorId] 1862374301 [Version] 1048832 [Id] OSXEditor(0,Chirags-MacBook-Air.local) [Debug] 1 [PackageName] OSXEditor [ProjectName] Editor" joined alternative multi-casting on [225.0.0.222:34997]...

Refreshing native plugins compatible for Editor in 110.00 ms, found 2 plugins.
Preloading 0 native plugins for Editor in 0.00 ms.
Initialize engine version: 2021.3.15f1 (e8e88683f834)
[Subsystems] Discovering subsystems at path /Applications/Unity/Hub/Editor/2021.3.15f1/Unity.app/Contents/Resources/UnitySubsystems
[Subsystems] Discovering subsystems at path /Users/chirag/Unity3d Projects/physics_based_ai/Physic Based AI/Assets
GfxDevice: creating device client; threaded=0; jobified=0
 preferred device: Apple M2 (high power)
Metal devices available: 1
0: Apple M2 (high power)
Using device Apple M2 (high power)
Initializing Metal device caps: Apple M2
Initialize mono
Mono path[0] = '/Applications/Unity/Hub/Editor/2021.3.15f1/Unity.app/Contents/Managed'
Mono path[1] = '/Applications/Unity/Hub/Editor/2021.3.15f1/Unity.app/Contents/MonoBleedingEdge/lib/mono/unityjit-macos'
Mono config path = '/Applications/Unity/Hub/Editor/2021.3.15f1/Unity.app/Contents/MonoBleedingEdge/etc'
Using monoOptions --debugger-agent=transport=dt_socket,embedding=1,server=y,suspend=n,address=127.0.0.1:56068
Begin MonoManager ReloadAssembly
Registering precompiled unity dll's ...
Register platform support module: /Applications/Unity/Hub/Editor/2021.3.15f1/PlaybackEngines/WebGLSupport/UnityEditor.WebGL.Extensions.dll
Register platform support module: /Applications/Unity/Hub/Editor/2021.3.15f1/Unity.app/Contents/PlaybackEngines/MacStandaloneSupport/UnityEditor.OSXStandalone.Extensions.dll
Register platform support module: /Applications/Unity/Hub/Editor/2021.3.15f1/PlaybackEngines/AndroidPlayer/UnityEditor.Android.Extensions.dll
Register platform support module: /Applications/Unity/Hub/Editor/2021.3.15f1/PlaybackEngines/iOSSupport/UnityEditor.iOS.Extensions.dll
Registered in 0.002298 seconds.
[usbmuxd] Start listen thread
[usbmuxd] Listen thread started
[usbmuxd] Send listen message
Native extension for iOS target not found
Native extension for Android target not found
Native extension for OSXStandalone target not found
Native extension for WebGL target not found
Refreshing native plugins compatible for Editor in 64.97 ms, found 2 plugins.
Preloading 0 native plugins for Editor in 0.00 ms.
Mono: successfully reloaded assembly
- Completed reload, in  0.489 seconds
Domain Reload Profiling:
	ReloadAssembly (489ms)
		BeginReloadAssembly (66ms)
			ExecutionOrderSort (0ms)
			DisableScriptedObjects (0ms)
			BackupInstance (0ms)
			ReleaseScriptingObjects (0ms)
			CreateAndSetChildDomain (0ms)
		EndReloadAssembly (353ms)
			LoadAssemblies (67ms)
			RebuildTransferFunctionScriptingTraits (0ms)
			SetupTypeCache (76ms)
			ReleaseScriptCaches (0ms)
			RebuildScriptCaches (19ms)
			SetupLoadedEditorAssemblies (229ms)
				LogAssemblyErrors (0ms)
				InitializePlatformSupportModulesInManaged (87ms)
				SetLoadedEditorAssemblies (0ms)
				RefreshPlugins (65ms)
				BeforeProcessingInitializeOnLoad (1ms)
				ProcessInitializeOnLoadAttributes (50ms)
				ProcessInitializeOnLoadMethodAttributes (26ms)
				AfterProcessingInitializeOnLoad (0ms)
				EditorAssembliesLoaded (0ms)
			ExecutionOrderSort2 (0ms)
			AwakeInstancesAfterBackupRestoration (0ms)
Platform modules already initialized, skipping
Registering precompiled user dll's ...
Registered in 0.005618 seconds.
Begin MonoManager ReloadAssembly
Symbol file LoadedFromMemory doesn't match image /Users/chirag/Unity3d Projects/physics_based_ai/Physic Based AI/Library/PackageCache/com.unity.visualscripting@1.7.8/Editor/VisualScripting.Core/Dependencies/YamlDotNet/Unity.VisualScripting.YamlDotNet.dll
Symbol file LoadedFromMemory doesn't match image /Users/chirag/Unity3d Projects/physics_based_ai/Physic Based AI/Library/PackageCache/com.unity.visualscripting@1.7.8/Editor/VisualScripting.Core/Dependencies/DotNetZip/Unity.VisualScripting.IonicZip.dll
Native extension for iOS target not found
Native extension for Android target not found
Native extension for OSXStandalone target not found
Native extension for WebGL target not found
Refreshing native plugins compatible for Editor in 0.50 ms, found 2 plugins.
Preloading 0 native plugins for Editor in 0.00 ms.
Mono: successfully reloaded assembly
- Completed reload, in  0.744 seconds
Domain Reload Profiling:
	ReloadAssembly (745ms)
		BeginReloadAssembly (157ms)
			ExecutionOrderSort (0ms)
			DisableScriptedObjects (3ms)
			BackupInstance (0ms)
			ReleaseScriptingObjects (0ms)
			CreateAndSetChildDomain (119ms)
		EndReloadAssembly (520ms)
			LoadAssemblies (54ms)
			RebuildTransferFunctionScriptingTraits (0ms)
			SetupTypeCache (181ms)
			ReleaseScriptCaches (1ms)
			RebuildScriptCaches (34ms)
			SetupLoadedEditorAssemblies (222ms)
				LogAssemblyErrors (0ms)
				InitializePlatformSupportModulesInManaged (14ms)
				SetLoadedEditorAssemblies (0ms)
				RefreshPlugins (1ms)
				BeforeProcessingInitializeOnLoad (54ms)
				ProcessInitializeOnLoadAttributes (137ms)
				ProcessInitializeOnLoadMethodAttributes (15ms)
				AfterProcessingInitializeOnLoad (1ms)
				EditorAssembliesLoaded (0ms)
			ExecutionOrderSort2 (0ms)
			AwakeInstancesAfterBackupRestoration (2ms)
Platform modules already initialized, skipping
========================================================================
Worker process is ready to serve import requests
Launching external process: /Applications/Unity/Hub/Editor/2021.3.15f1/Unity.app/Contents/Tools/UnityShaderCompiler
Launched and connected shader compiler UnityShaderCompiler after 0.19 seconds
Refreshing native plugins compatible for Editor in 0.43 ms, found 2 plugins.
Preloading 0 native plugins for Editor in 0.00 ms.
Unloading 3792 Unused Serialized files (Serialized files now loaded: 0)
Unloading 30 unused Assets / (144.8 KB). Loaded Objects now: 4251.
Memory consumption went from 122.4 MB to 122.3 MB.
Total: 3.349709 ms (FindLiveObjects: 0.137833 ms CreateObjectMapping: 0.125583 ms MarkObjects: 2.878458 ms  DeleteObjects: 0.207500 ms)

AssetImportParameters requested are different than current active one (requested -> active):
  custom:video-decoder-ogg-theora: a1e56fd34408186e4bbccfd4996cb3dc -> 
  custom:container-muxer-webm: aa71ff27fc2769a1b78a27578f13a17b -> 
  custom:container-demuxer-webm: 4f35f7cbe854078d1ac9338744f61a02 -> 
  custom:video-encoder-webm-vp8: eb34c28f22e8b96e1ab97ce403110664 -> 
  custom:framework-osx-AVFoundation: e770b220cccbd017edd2c1fefb359320 -> 
  custom:audio-encoder-webm-vorbis: bf7c407c2cedff20999df2af8eb42d56 -> 
  custom:container-demuxer-ogg: 62fdf1f143b41e24485cea50d1cbac27 -> 
  custom:video-decoder-webm-vp8: 9c59270c3fd7afecdb556c50c9e8de78 -> 
  custom:audio-decoder-ogg-vorbis: bf7c407c2cedff20999df2af8eb42d56 -> 
========================================================================
Received Import Request.
  Time since last request: 364887.429128 seconds.
  path: Assets/3d/moss rock 11 sketchfab
  artifactKey: Guid(757215bebfc0b47e0894442606b386da) Importer(815301076,1909f56bfc062723c751e8b465ee728b)
Start importing Assets/3d/moss rock 11 sketchfab using Guid(757215bebfc0b47e0894442606b386da) Importer(815301076,1909f56bfc062723c751e8b465ee728b)  -> (artifact id: '124709b332b3e19a149c9c6eefa0dae9') in 0.005275 seconds 
========================================================================
Received Import Request.
  Time since last request: 0.190511 seconds.
  path: Assets/3d/moss rock 11 sketchfab/moss rock 11_heights (4096).png
  artifactKey: Guid(1e390a7c316bb40df82b063cc0f892dd) Importer(815301076,1909f56bfc062723c751e8b465ee728b)
Start importing Assets/3d/moss rock 11 sketchfab/moss rock 11_heights (4096).png using Guid(1e390a7c316bb40df82b063cc0f892dd) Importer(815301076,1909f56bfc062723c751e8b465ee728b)  -> (artifact id: '5a37ef8bdec5f40aa84dcfc68677c2de') in 0.412142 seconds 
========================================================================
Received Import Request.
  Time since last request: 0.639216 seconds.
  path: Assets/3d/moss rock 11 sketchfab/moss rock 11.obj
  artifactKey: Guid(b246a4b55c2e840e8b7c7d67ab670117) Importer(815301076,1909f56bfc062723c751e8b465ee728b)
Start importing Assets/3d/moss rock 11 sketchfab/moss rock 11.obj using Guid(b246a4b55c2e840e8b7c7d67ab670117) Importer(815301076,1909f56bfc062723c751e8b465ee728b)  -> (artifact id: '843d698b0bb22783dbe3dac51b428c38') in 1.084485 seconds 
========================================================================
Received Import Request.
  Time since last request: 83.235072 seconds.
  path: Assets/3d/moss rock 13 sketchfab
  artifactKey: Guid(ab080e6d471374f98a267fd8f57ba617) Importer(815301076,1909f56bfc062723c751e8b465ee728b)
Start importing Assets/3d/moss rock 13 sketchfab using Guid(ab080e6d471374f98a267fd8f57ba617) Importer(815301076,1909f56bfc062723c751e8b465ee728b)  -> (artifact id: '6ea3875695bb65455022b574dc2ba1f8') in 0.001161 seconds 
========================================================================
Received Import Request.
  Time since last request: 71.022438 seconds.
  path: Assets/3d/moss rock 10
  artifactKey: Guid(ff4861dc3f66048e6a0c71c7d65cef92) Importer(815301076,1909f56bfc062723c751e8b465ee728b)
Start importing Assets/3d/moss rock 10 using Guid(ff4861dc3f66048e6a0c71c7d65cef92) Importer(815301076,1909f56bfc062723c751e8b465ee728b)  -> (artifact id: 'defe37cc730b86ddb5a55a411ecf37d8') in 0.000719 seconds 
========================================================================
Received Import Request.
  Time since last request: 4.237718 seconds.
  path: Assets/3d/moss rock 11
  artifactKey: Guid(757215bebfc0b47e0894442606b386da) Importer(815301076,1909f56bfc062723c751e8b465ee728b)
Start importing Assets/3d/moss rock 11 using Guid(757215bebfc0b47e0894442606b386da) Importer(815301076,1909f56bfc062723c751e8b465ee728b)  -> (artifact id: '514ea02364cba458edf0d6591db2ba17') in 0.000460 seconds 
========================================================================
Received Import Request.
  Time since last request: 10.561130 seconds.
  path: Assets/3d/moss rock 13
  artifactKey: Guid(ab080e6d471374f98a267fd8f57ba617) Importer(815301076,1909f56bfc062723c751e8b465ee728b)
Start importing Assets/3d/moss rock 13 using Guid(ab080e6d471374f98a267fd8f57ba617) Importer(815301076,1909f56bfc062723c751e8b465ee728b)  -> (artifact id: 'f8417a8640bf8e4c6380905fdcbe1666') in 0.001258 seconds 
